# JRE version: OpenJDK Runtime Environment (8.0_312-b07) (build 1.8.0_312-8u312-b07-0ubuntu1~20.04-b07)
# Java VM: OpenJDK 64-Bit Server VM (25.312-b07 mixed mode linux-amd64 compressed oops)
Heap:
 PSYoungGen      total 68608K, used 5111K [0x00000000eab00000, 0x00000000f3600000, 0x0000000100000000)
  eden space 63488K, 0% used [0x00000000eab00000,0x00000000eab00000,0x00000000ee900000)
  from space 5120K, 99% used [0x00000000ee900000,0x00000000eedfdfe8,0x00000000eee00000)
  to   space 7680K, 0% used [0x00000000f2e80000,0x00000000f2e80000,0x00000000f3600000)
 ParOldGen       total 84992K, used 3979K [0x00000000c0000000, 0x00000000c5300000, 0x00000000eab00000)
  object space 84992K, 4% used [0x00000000c0000000,0x00000000c03e2c60,0x00000000c5300000)
 Metaspace       used 20353K, capacity 21082K, committed 21296K, reserved 1067008K
  class space    used 2696K, capacity 2824K, committed 2944K, reserved 1048576K
GC Heap History (10 events):
Event: 0,512 GC heap after
Heap after GC invocations=1 (full 0):
 PSYoungGen      total 36864K, used 4878K [0x00000000eab00000, 0x00000000ed400000, 0x0000000100000000)
  eden space 31744K, 0% used [0x00000000eab00000,0x00000000eab00000,0x00000000eca00000)
  from space 5120K, 95% used [0x00000000eca00000,0x00000000ecec3b48,0x00000000ecf00000)
  to   space 5120K, 0% used [0x00000000ecf00000,0x00000000ecf00000,0x00000000ed400000)
 ParOldGen       total 84992K, used 8K [0x00000000c0000000, 0x00000000c5300000, 0x00000000eab00000)
  object space 84992K, 0% used [0x00000000c0000000,0x00000000c0002000,0x00000000c5300000)
 Metaspace       used 8574K, capacity 8752K, committed 8832K, reserved 1056768K
  class space    used 1063K, capacity 1137K, committed 1152K, reserved 1048576K
}
Event: 0,810 GC heap before
{Heap before GC invocations=2 (full 0):
 PSYoungGen      total 36864K, used 36622K [0x00000000eab00000, 0x00000000ed400000, 0x0000000100000000)
  eden space 31744K, 100% used [0x00000000eab00000,0x00000000eca00000,0x00000000eca00000)
  from space 5120K, 95% used [0x00000000eca00000,0x00000000ecec3b48,0x00000000ecf00000)
  to   space 5120K, 0% used [0x00000000ecf00000,0x00000000ecf00000,0x00000000ed400000)
 ParOldGen       total 84992K, used 8K [0x00000000c0000000, 0x00000000c5300000, 0x00000000eab00000)
  object space 84992K, 0% used [0x00000000c0000000,0x00000000c0002000,0x00000000c5300000)
 Metaspace       used 13335K, capacity 13698K, committed 13952K, reserved 1060864K
  class space    used 1790K, capacity 1885K, committed 1920K, reserved 1048576K
Event: 0,814 GC heap after
Heap after GC invocations=2 (full 0):
 PSYoungGen      total 36864K, used 5119K [0x00000000eab00000, 0x00000000ed400000, 0x0000000100000000)
  eden space 31744K, 0% used [0x00000000eab00000,0x00000000eab00000,0x00000000eca00000)
  from space 5120K, 99% used [0x00000000ecf00000,0x00000000ed3ffd00,0x00000000ed400000)
  to   space 5120K, 0% used [0x00000000eca00000,0x00000000eca00000,0x00000000ecf00000)
 ParOldGen       total 84992K, used 124K [0x00000000c0000000, 0x00000000c5300000, 0x00000000eab00000)
  object space 84992K, 0% used [0x00000000c0000000,0x00000000c001f278,0x00000000c5300000)
 Metaspace       used 13335K, capacity 13698K, committed 13952K, reserved 1060864K
  class space    used 1790K, capacity 1885K, committed 1920K, reserved 1048576K
}
Event: 1,414 GC heap before
{Heap before GC invocations=3 (full 0):
 PSYoungGen      total 36864K, used 36863K [0x00000000eab00000, 0x00000000ed400000, 0x0000000100000000)
  eden space 31744K, 100% used [0x00000000eab00000,0x00000000eca00000,0x00000000eca00000)
  from space 5120K, 99% used [0x00000000ecf00000,0x00000000ed3ffd00,0x00000000ed400000)
  to   space 5120K, 0% used [0x00000000eca00000,0x00000000eca00000,0x00000000ecf00000)
 ParOldGen       total 84992K, used 124K [0x00000000c0000000, 0x00000000c5300000, 0x00000000eab00000)
  object space 84992K, 0% used [0x00000000c0000000,0x00000000c001f278,0x00000000c5300000)
 Metaspace       used 19797K, capacity 20564K, committed 20864K, reserved 1067008K
  class space    used 2677K, capacity 2823K, committed 2944K, reserved 1048576K
Event: 1,428 GC heap after
Heap after GC invocations=3 (full 0):
 PSYoungGen      total 36864K, used 5113K [0x00000000eab00000, 0x00000000ef300000, 0x0000000100000000)
  eden space 31744K, 0% used [0x00000000eab00000,0x00000000eab00000,0x00000000eca00000)
  from space 5120K, 99% used [0x00000000eca00000,0x00000000ecefe4b0,0x00000000ecf00000)
  to   space 5120K, 0% used [0x00000000eee00000,0x00000000eee00000,0x00000000ef300000)
 ParOldGen       total 84992K, used 2574K [0x00000000c0000000, 0x00000000c5300000, 0x00000000eab00000)
  object space 84992K, 3% used [0x00000000c0000000,0x00000000c0283be8,0x00000000c5300000)
 Metaspace       used 19797K, capacity 20564K, committed 20864K, reserved 1067008K
  class space    used 2677K, capacity 2823K, committed 2944K, reserved 1048576K
}
Event: 1,940 GC heap before
{Heap before GC invocations=4 (full 0):
 PSYoungGen      total 36864K, used 36857K [0x00000000eab00000, 0x00000000ef300000, 0x0000000100000000)
  eden space 31744K, 100% used [0x00000000eab00000,0x00000000eca00000,0x00000000eca00000)
  from space 5120K, 99% used [0x00000000eca00000,0x00000000ecefe4b0,0x00000000ecf00000)
  to   space 5120K, 0% used [0x00000000eee00000,0x00000000eee00000,0x00000000ef300000)
 ParOldGen       total 84992K, used 2574K [0x00000000c0000000, 0x00000000c5300000, 0x00000000eab00000)
  object space 84992K, 3% used [0x00000000c0000000,0x00000000c0283be8,0x00000000c5300000)
 Metaspace       used 20185K, capacity 20954K, committed 21120K, reserved 1067008K
  class space    used 2686K, capacity 2824K, committed 2944K, reserved 1048576K
Event: 1,953 GC heap after
Heap after GC invocations=4 (full 0):
 PSYoungGen      total 68608K, used 5102K [0x00000000eab00000, 0x00000000ef300000, 0x0000000100000000)
  eden space 63488K, 0% used [0x00000000eab00000,0x00000000eab00000,0x00000000ee900000)
  from space 5120K, 99% used [0x00000000eee00000,0x00000000ef2fbaa0,0x00000000ef300000)
  to   space 5120K, 0% used [0x00000000ee900000,0x00000000ee900000,0x00000000eee00000)
 ParOldGen       total 84992K, used 3735K [0x00000000c0000000, 0x00000000c5300000, 0x00000000eab00000)
  object space 84992K, 4% used [0x00000000c0000000,0x00000000c03a5cb8,0x00000000c5300000)
 Metaspace       used 20185K, capacity 20954K, committed 21120K, reserved 1067008K
  class space    used 2686K, capacity 2824K, committed 2944K, reserved 1048576K
}
Event: 2,105 GC heap before
{Heap before GC invocations=5 (full 0):
 PSYoungGen      total 68608K, used 14070K [0x00000000eab00000, 0x00000000ef300000, 0x0000000100000000)
  eden space 63488K, 14% used [0x00000000eab00000,0x00000000eb3c1e90,0x00000000ee900000)
  from space 5120K, 99% used [0x00000000eee00000,0x00000000ef2fbaa0,0x00000000ef300000)
  to   space 5120K, 0% used [0x00000000ee900000,0x00000000ee900000,0x00000000eee00000)
 ParOldGen       total 84992K, used 3735K [0x00000000c0000000, 0x00000000c5300000, 0x00000000eab00000)
  object space 84992K, 4% used [0x00000000c0000000,0x00000000c03a5cb8,0x00000000c5300000)
 Metaspace       used 20353K, capacity 21082K, committed 21296K, reserved 1067008K
  class space    used 2696K, capacity 2824K, committed 2944K, reserved 1048576K
Event: 2,120 GC heap after
Heap after GC invocations=5 (full 0):
 PSYoungGen      total 68608K, used 5111K [0x00000000eab00000, 0x00000000f3600000, 0x0000000100000000)
  eden space 63488K, 0% used [0x00000000eab00000,0x00000000eab00000,0x00000000ee900000)
  from space 5120K, 99% used [0x00000000ee900000,0x00000000eedfdfe8,0x00000000eee00000)
  to   space 7680K, 0% used [0x00000000f2e80000,0x00000000f2e80000,0x00000000f3600000)
 ParOldGen       total 84992K, used 3979K [0x00000000c0000000, 0x00000000c5300000, 0x00000000eab00000)
  object space 84992K, 4% used [0x00000000c0000000,0x00000000c03e2c60,0x00000000c5300000)
 Metaspace       used 20353K, capacity 21082K, committed 21296K, reserved 1067008K
  class space    used 2696K, capacity 2824K, committed 2944K, reserved 1048576K
}
Event: 2,120 GC heap before
{Heap before GC invocations=6 (full 1):
 PSYoungGen      total 68608K, used 5111K [0x00000000eab00000, 0x00000000f3600000, 0x0000000100000000)
  eden space 63488K, 0% used [0x00000000eab00000,0x00000000eab00000,0x00000000ee900000)
  from space 5120K, 99% used [0x00000000ee900000,0x00000000eedfdfe8,0x00000000eee00000)
  to   space 7680K, 0% used [0x00000000f2e80000,0x00000000f2e80000,0x00000000f3600000)
 ParOldGen       total 84992K, used 3979K [0x00000000c0000000, 0x00000000c5300000, 0x00000000eab00000)
  object space 84992K, 4% used [0x00000000c0000000,0x00000000c03e2c60,0x00000000c5300000)
 Metaspace       used 20353K, capacity 21082K, committed 21296K, reserved 1067008K
  class space    used 2696K, capacity 2824K, committed 2944K, reserved 1048576K

